[debug] [2022-08-07T17:13:11.551Z] ----------------------------------------------------------------------
[debug] [2022-08-07T17:13:11.552Z] Command:       C:\Program Files\nodejs\node.exe C:\Users\Junshen\AppData\Roaming\npm\node_modules\firebase-tools\lib\bin\firebase.js init
[debug] [2022-08-07T17:13:11.553Z] CLI Version:   10.9.2
[debug] [2022-08-07T17:13:11.553Z] Platform:      win32
[debug] [2022-08-07T17:13:11.553Z] Node Version:  v15.8.0
[debug] [2022-08-07T17:13:11.561Z] Time:          Mon Aug 08 2022 01:13:11 GMT+0800 (Malaysia Time)
[debug] [2022-08-07T17:13:11.561Z] ----------------------------------------------------------------------
[debug] 
[debug] [2022-08-07T17:13:11.564Z] >>> [apiv2][query] GET https://firebase-public.firebaseio.com/cli.json [none]
[debug] [2022-08-07T17:13:11.637Z] > command requires scopes: ["email","openid","https://www.googleapis.com/auth/cloudplatformprojects.readonly","https://www.googleapis.com/auth/firebase","https://www.googleapis.com/auth/cloud-platform"]
[debug] [2022-08-07T17:13:11.638Z] > authorizing via signed-in user (junshenyeoh@gmail.com)
[info] 
     ######## #### ########  ######## ########     ###     ######  ########
     ##        ##  ##     ## ##       ##     ##  ##   ##  ##       ##
     ######    ##  ########  ######   ########  #########  ######  ######
     ##        ##  ##    ##  ##       ##     ## ##     ##       ## ##
     ##       #### ##     ## ######## ########  ##     ##  ######  ########

You're about to initialize a Firebase project in this directory:

  C:\Users\Junshen\OneDrive\Desktop\tech-blog

Before we get started, keep in mind:

  * You are initializing within an existing Firebase project directory

[debug] [2022-08-07T17:13:12.117Z] <<< [apiv2][status] GET https://firebase-public.firebaseio.com/cli.json 200
[debug] [2022-08-07T17:13:12.117Z] <<< [apiv2][body] GET https://firebase-public.firebaseio.com/cli.json {"cloudBuildErrorAfter":1594252800000,"cloudBuildWarnAfter":1590019200000,"defaultNode10After":1594252800000,"minVersion":"3.0.5","node8DeploysDisabledAfter":1613390400000,"node8RuntimeDisabledAfter":1615809600000,"node8WarnAfter":1600128000000}
